<?xml version="1.0" encoding="UTF-8"?>
<!-- Generated by org.testng.reporters.JUnitReportReporter -->
<testsuite skipped="0" hostname="Lenovo" name="websitePracticesFramework.JpetStoreTestNg" tests="5" failures="0" timestamp="17 Aug 2020 02:00:18 GMT" time="32.022" errors="0">
  <testcase name="c_userInfo" time="2.611" classname="websitePracticesFramework.JpetStoreTestNg"/>
  <testcase name="a_pageLoad" time="7.506" classname="websitePracticesFramework.JpetStoreTestNg"/>
  <testcase name="b_signUp" time="5.658" classname="websitePracticesFramework.JpetStoreTestNg"/>
  <testcase name="d_accountInfo" time="2.249" classname="websitePracticesFramework.JpetStoreTestNg"/>
  <testcase name="e_profileInfo" time="13.998" classname="websitePracticesFramework.JpetStoreTestNg"/>
</testsuite> <!-- websitePracticesFramework.JpetStoreTestNg -->
