<?xml version="1.0" encoding="UTF-8"?>
<!-- Generated by org.testng.reporters.JUnitReportReporter -->
<testsuite skipped="0" hostname="Lenovo" name="testngFramework.VerificationCommendsTestNG" tests="2" failures="0" timestamp="17 Aug 2020 03:03:43 GMT" time="23.317" errors="0">
  <testcase name="b_verification" time="11.024" classname="testngFramework.VerificationCommendsTestNG"/>
  <testcase name="a_pageLoad" time="12.293" classname="testngFramework.VerificationCommendsTestNG"/>
</testsuite> <!-- testngFramework.VerificationCommendsTestNG -->
