<?xml version="1.0" encoding="UTF-8"?>
<!-- Generated by org.testng.reporters.JUnitReportReporter -->
<testsuite skipped="0" hostname="Lenovo" name="testngFramework.YourLogoForTestNG" tests="6" failures="0" timestamp="13 Aug 2020 02:36:20 GMT" time="98.307" errors="0">
  <testcase name="pageLoad" time="20.316" classname="testngFramework.YourLogoForTestNG"/>
  <testcase name="initialRegistration" time="22.699" classname="testngFramework.YourLogoForTestNG"/>
  <testcase name="personalInfo" time="36.742" classname="testngFramework.YourLogoForTestNG"/>
  <testcase name="addressInfo" time="9.764" classname="testngFramework.YourLogoForTestNG"/>
  <testcase name="signOut" time="3.884" classname="testngFramework.YourLogoForTestNG"/>
  <testcase name="signIn" time="4.902" classname="testngFramework.YourLogoForTestNG"/>
</testsuite> <!-- testngFramework.YourLogoForTestNG -->
