<?xml version="1.0" encoding="UTF-8"?>
<!-- Generated by org.testng.reporters.JUnitReportReporter -->
<testsuite skipped="0" hostname="Lenovo" name="testngFramework.GoogleExpliciteWait" tests="2" failures="0" timestamp="17 Aug 2020 02:27:52 GMT" time="23.513" errors="0">
  <testcase name="b_search" time="12.219" classname="testngFramework.GoogleExpliciteWait"/>
  <testcase name="a_pageLoad" time="11.294" classname="testngFramework.GoogleExpliciteWait"/>
</testsuite> <!-- testngFramework.GoogleExpliciteWait -->
