<?xml version="1.0" encoding="UTF-8"?>
<!-- Generated by org.testng.reporters.JUnitReportReporter -->
<testsuite skipped="0" hostname="Lenovo" name="testngFramework.AutoItFileupload" tests="2" failures="0" timestamp="25 Aug 2020 02:28:11 GMT" time="25.062" errors="0">
  <testcase name="a_pageLoad" time="14.719" classname="testngFramework.AutoItFileupload"/>
  <testcase name="b_fileUpload" time="10.343" classname="testngFramework.AutoItFileupload"/>
</testsuite> <!-- testngFramework.AutoItFileupload -->
