<?xml version="1.0" encoding="UTF-8"?>
<!-- Generated by org.testng.reporters.JUnitReportReporter -->
<testsuite skipped="0" hostname="Lenovo" name="testngFramework.GroupingConcepts" tests="3" failures="0" timestamp="14 Aug 2020 02:33:33 GMT" time="0.101" errors="0">
  <testcase name="f1" time="0.087" classname="testngFramework.GroupingConcepts"/>
  <testcase name="f2" time="0.006" classname="testngFramework.GroupingConcepts"/>
  <testcase name="f3" time="0.008" classname="testngFramework.GroupingConcepts"/>
</testsuite> <!-- testngFramework.GroupingConcepts -->
