<?xml version="1.0" encoding="UTF-8"?>
<!-- Generated by org.testng.reporters.JUnitReportReporter -->
<testsuite skipped="0" hostname="Lenovo" name="testngFramework.webappsLogin" tests="3" failures="0" timestamp="13 Aug 2020 02:36:20 GMT" time="22.989" errors="0">
  <testcase name="pageLoad" time="10.183" classname="testngFramework.webappsLogin"/>
  <testcase name="signIn" time="6.120" classname="testngFramework.webappsLogin"/>
  <testcase name="logIn" time="6.686" classname="testngFramework.webappsLogin"/>
</testsuite> <!-- testngFramework.webappsLogin -->
