<?xml version="1.0" encoding="UTF-8"?>
<!-- Generated by org.testng.reporters.JUnitReportReporter -->
<testsuite skipped="0" hostname="Lenovo" name="testngFramework.TestNGExperiments" tests="6" failures="0" timestamp="13 Aug 2020 01:57:08 GMT" time="0.162" errors="0">
  <testcase name="f1" time="0.012" classname="testngFramework.TestNGExperiments"/>
  <testcase name="f2" time="0.012" classname="testngFramework.TestNGExperiments"/>
  <testcase name="f5" time="0.004" classname="testngFramework.TestNGExperiments"/>
  <testcase name="f6" time="0.104" classname="testngFramework.TestNGExperiments"/>
  <testcase name="f3" time="0.012" classname="testngFramework.TestNGExperiments"/>
  <testcase name="f4" time="0.018" classname="testngFramework.TestNGExperiments"/>
</testsuite> <!-- testngFramework.TestNGExperiments -->
