<?xml version="1.0" encoding="UTF-8"?>
<!-- Generated by org.testng.reporters.JUnitReportReporter -->
<testsuite skipped="0" hostname="Lenovo" name="testngFramework.NavigationCommmendsTestNG" tests="2" failures="0" timestamp="20 Aug 2020 02:10:33 GMT" time="40.943" errors="0">
  <testcase name="a_pageLoad" time="19.625" classname="testngFramework.NavigationCommmendsTestNG"/>
  <testcase name="b_navigation" time="21.318" classname="testngFramework.NavigationCommmendsTestNG"/>
</testsuite> <!-- testngFramework.NavigationCommmendsTestNG -->
