<?xml version="1.0" encoding="UTF-8"?>
<!-- Generated by org.testng.reporters.JUnitReportReporter -->
<testsuite skipped="0" hostname="Lenovo" name="websitePracticesFramework.InternetHerokuApp" tests="3" failures="0" timestamp="19 Aug 2020 12:33:36 GMT" time="31.016" errors="0">
  <testcase name="b_Verifycheckbox1" time="11.031" classname="websitePracticesFramework.InternetHerokuApp"/>
  <testcase name="a_pageLoad" time="12.836" classname="websitePracticesFramework.InternetHerokuApp"/>
  <testcase name="c_Verifycheckbox2" time="7.149" classname="websitePracticesFramework.InternetHerokuApp"/>
</testsuite> <!-- websitePracticesFramework.InternetHerokuApp -->
