<?xml version="1.0" encoding="UTF-8"?>
<!-- Generated by org.testng.reporters.JUnitReportReporter -->
<testsuite skipped="0" hostname="Lenovo" name="testngFramework.OtherLocatorsTestNG" tests="2" failures="0" timestamp="20 Aug 2020 01:55:23 GMT" time="31.526" errors="0">
  <testcase name="a_pageLoad" time="22.850" classname="testngFramework.OtherLocatorsTestNG"/>
  <testcase name="b_logIn" time="8.676" classname="testngFramework.OtherLocatorsTestNG"/>
</testsuite> <!-- testngFramework.OtherLocatorsTestNG -->
