<?xml version="1.0" encoding="UTF-8"?>
<!-- Generated by org.testng.reporters.JUnitReportReporter -->
<testsuite skipped="0" hostname="Lenovo" name="testngFramework.GoogleImpliciteWait" tests="2" failures="0" timestamp="17 Aug 2020 02:18:15 GMT" time="22.006" errors="0">
  <testcase name="b_search" time="10.633" classname="testngFramework.GoogleImpliciteWait"/>
  <testcase name="a_pageLoad" time="11.373" classname="testngFramework.GoogleImpliciteWait"/>
</testsuite> <!-- testngFramework.GoogleImpliciteWait -->
