<?xml version="1.0" encoding="UTF-8"?>
<!-- Generated by org.testng.reporters.JUnitReportReporter -->
<testsuite skipped="0" hostname="Lenovo" name="websitePracticesFramework.DigitalBankingTestNG" tests="3" failures="0" timestamp="20 Aug 2020 01:27:25 GMT" time="56.971" errors="0">
  <testcase name="b_signUp" time="9.925" classname="websitePracticesFramework.DigitalBankingTestNG"/>
  <testcase name="c_personalInfo" time="24.455" classname="websitePracticesFramework.DigitalBankingTestNG"/>
  <testcase name="a_pageLoad" time="22.591" classname="websitePracticesFramework.DigitalBankingTestNG"/>
</testsuite> <!-- websitePracticesFramework.DigitalBankingTestNG -->
